<?xml version="1.0" encoding="UTF-8"?>
<testsuite name="nl.fontys.s3.spotforus.UnitTests.services.HouseholdSettingsImplTest" tests="2" skipped="0" failures="0" errors="0" timestamp="2022-11-30T14:02:01" hostname="DESKTOP-ST9FPIU" time="0.065">
  <properties/>
  <testcase name="updateHouseholdSettings_shouldReturnHouseholdDetails()" classname="nl.fontys.s3.spotforus.UnitTests.services.HouseholdSettingsImplTest" time="0.061"/>
  <testcase name="updateHouseholdDetailsWithNull_shouldThrowException()" classname="nl.fontys.s3.spotforus.UnitTests.services.HouseholdSettingsImplTest" time="0.003"/>
  <system-out><![CDATA[]]></system-out>
  <system-err><![CDATA[]]></system-err>
</testsuite>
