<?xml version="1.0" encoding="UTF-8"?>
<testsuite name="nl.fontys.s3.spotforus.UnitTests.services.AnnouncementServiceImplTest" tests="6" skipped="0" failures="0" errors="0" timestamp="2022-11-30T14:01:59" hostname="DESKTOP-ST9FPIU" time="0.961">
  <properties/>
  <testcase name="getAllAnnouncement_shouldReturnArray()" classname="nl.fontys.s3.spotforus.UnitTests.services.AnnouncementServiceImplTest" time="0.937"/>
  <testcase name="getAnnouncementById_shouldReturnAnnouncement()" classname="nl.fontys.s3.spotforus.UnitTests.services.AnnouncementServiceImplTest" time="0.007"/>
  <testcase name="getAnnouncementById_shouldNotReturnAnnouncement()" classname="nl.fontys.s3.spotforus.UnitTests.services.AnnouncementServiceImplTest" time="0.003"/>
  <testcase name="updateAnnouncement_shouldReturnUpdatedAnnouncement()" classname="nl.fontys.s3.spotforus.UnitTests.services.AnnouncementServiceImplTest" time="0.003"/>
  <testcase name="getAnnouncementsByHouseholdId_shouldReturnAnnouncementsArray()" classname="nl.fontys.s3.spotforus.UnitTests.services.AnnouncementServiceImplTest" time="0.005"/>
  <testcase name="addAnnouncement_shouldReturnNewAnnouncement()" classname="nl.fontys.s3.spotforus.UnitTests.services.AnnouncementServiceImplTest" time="0.001"/>
  <system-out><![CDATA[]]></system-out>
  <system-err><![CDATA[]]></system-err>
</testsuite>
