<?xml version="1.0" encoding="UTF-8"?>
<testsuite name="nl.fontys.s3.spotforus.UnitTests.services.HouseholdServiceImplTest" tests="14" skipped="0" failures="0" errors="0" timestamp="2022-11-30T14:02:01" hostname="DESKTOP-ST9FPIU" time="0.169">
  <properties/>
  <testcase name="addTenantNoUser_shouldReturnNull()" classname="nl.fontys.s3.spotforus.UnitTests.services.HouseholdServiceImplTest" time="0.104"/>
  <testcase name="addTenantUsedJc_shouldReturnNull()" classname="nl.fontys.s3.spotforus.UnitTests.services.HouseholdServiceImplTest" time="0.003"/>
  <testcase name="deleteHouseholdById_shouldReturnTrue()" classname="nl.fontys.s3.spotforus.UnitTests.services.HouseholdServiceImplTest" time="0.003"/>
  <testcase name="removeNonExistingTenantNotPresentInList_shouldReturnNull()" classname="nl.fontys.s3.spotforus.UnitTests.services.HouseholdServiceImplTest" time="0.003"/>
  <testcase name="addHousehold_shouldReturnHousehold()" classname="nl.fontys.s3.spotforus.UnitTests.services.HouseholdServiceImplTest" time="0.003"/>
  <testcase name="addTenant_shouldReturnHousehold()" classname="nl.fontys.s3.spotforus.UnitTests.services.HouseholdServiceImplTest" time="0.005"/>
  <testcase name="deleteHouseholdByNullId_shouldThrowException()" classname="nl.fontys.s3.spotforus.UnitTests.services.HouseholdServiceImplTest" time="0.006"/>
  <testcase name="getHouseholdByNullId_shouldThrowException()" classname="nl.fontys.s3.spotforus.UnitTests.services.HouseholdServiceImplTest" time="0.002"/>
  <testcase name="getHouseholdById_shouldReturnHousehold()" classname="nl.fontys.s3.spotforus.UnitTests.services.HouseholdServiceImplTest" time="0.003"/>
  <testcase name="removeTenant_shouldReturnHousehold()" classname="nl.fontys.s3.spotforus.UnitTests.services.HouseholdServiceImplTest" time="0.006"/>
  <testcase name="deleteNonExistingHousehold_shouldReturnFalse()" classname="nl.fontys.s3.spotforus.UnitTests.services.HouseholdServiceImplTest" time="0.007"/>
  <testcase name="removeNonExistingTenantNullJc_shouldReturnNull()" classname="nl.fontys.s3.spotforus.UnitTests.services.HouseholdServiceImplTest" time="0.004"/>
  <testcase name="addTenantLeftHousehold_shouldReturnNull()" classname="nl.fontys.s3.spotforus.UnitTests.services.HouseholdServiceImplTest" time="0.004"/>
  <testcase name="getAllHouseholds_shouldReturnHouseholdsArray()" classname="nl.fontys.s3.spotforus.UnitTests.services.HouseholdServiceImplTest" time="0.002"/>
  <system-out><![CDATA[]]></system-out>
  <system-err><![CDATA[]]></system-err>
</testsuite>
