<?xml version="1.0" encoding="UTF-8"?>
<testsuite name="nl.fontys.s3.spotforus.UnitTests.services.JoinCodeServiceImplTest" tests="11" skipped="0" failures="0" errors="0" timestamp="2022-11-30T14:02:01" hostname="DESKTOP-ST9FPIU" time="0.056">
  <properties/>
  <testcase name="getJoinCodesByIdTest()" classname="nl.fontys.s3.spotforus.UnitTests.services.JoinCodeServiceImplTest" time="0.037"/>
  <testcase name="getAllJoinCodesByHouseholdTest()" classname="nl.fontys.s3.spotforus.UnitTests.services.JoinCodeServiceImplTest" time="0.001"/>
  <testcase name="getActiveJoinCodeByTenantId_shouldReturnJc()" classname="nl.fontys.s3.spotforus.UnitTests.services.JoinCodeServiceImplTest" time="0.001"/>
  <testcase name="createJoinCodesTest()" classname="nl.fontys.s3.spotforus.UnitTests.services.JoinCodeServiceImplTest" time="0.001"/>
  <testcase name="getAllJoinCodesByHousehold()" classname="nl.fontys.s3.spotforus.UnitTests.services.JoinCodeServiceImplTest" time="0.001"/>
  <testcase name="getActiveJoinCodeByTenantIdUnusedCode_shouldReturnNull()" classname="nl.fontys.s3.spotforus.UnitTests.services.JoinCodeServiceImplTest" time="0.002"/>
  <testcase name="getActiveJoinCodeByTenantId_shouldReturnNull()" classname="nl.fontys.s3.spotforus.UnitTests.services.JoinCodeServiceImplTest" time="0.001"/>
  <testcase name="getAllJoinCodesTest()" classname="nl.fontys.s3.spotforus.UnitTests.services.JoinCodeServiceImplTest" time="0.002"/>
  <testcase name="getAllJoinCodesByHouseholdEmptyArrayTest()" classname="nl.fontys.s3.spotforus.UnitTests.services.JoinCodeServiceImplTest" time="0.002"/>
  <testcase name="getAllInactiveJoinCodesByHouseholdTest()" classname="nl.fontys.s3.spotforus.UnitTests.services.JoinCodeServiceImplTest" time="0.001"/>
  <testcase name="getActiveJoinCodeByTenantIdLeftHousehold_shouldReturnNull()" classname="nl.fontys.s3.spotforus.UnitTests.services.JoinCodeServiceImplTest" time="0.001"/>
  <system-out><![CDATA[]]></system-out>
  <system-err><![CDATA[]]></system-err>
</testsuite>
