<?xml version="1.0" encoding="UTF-8"?>
<testsuite name="nl.fontys.s3.spotforus.UnitTests.services.HouseholdDetailsServiceImplTest" tests="2" skipped="0" failures="0" errors="0" timestamp="2022-11-30T14:02:00" hostname="DESKTOP-ST9FPIU" time="0.105">
  <properties/>
  <testcase name="updateHouseholdDetails_shouldReturnHouseholdDetails()" classname="nl.fontys.s3.spotforus.UnitTests.services.HouseholdDetailsServiceImplTest" time="0.1"/>
  <testcase name="updateHouseholdDetailsWithNull_shouldThrowException()" classname="nl.fontys.s3.spotforus.UnitTests.services.HouseholdDetailsServiceImplTest" time="0.004"/>
  <system-out><![CDATA[]]></system-out>
  <system-err><![CDATA[]]></system-err>
</testsuite>
